<?xml version="1.0" encoding="UTF-8"?>
<testsuite xmlns:xsi="http://www.w3.org/2001/XMLSchema-instance" xsi:noNamespaceSchemaLocation="https://maven.apache.org/surefire/maven-surefire-plugin/xsd/surefire-test-report.xsd" name="com.meli.msfuegoquasar.application.MessageIntersectionApplicationTest" time="2.784" tests="2" errors="0" skipped="0" failures="0">
  <properties>
[...]
</properties>
  <testcase name="getMessageAndPosition1" classname="com.meli.msfuegoquasar.application.MessageIntersectionApplicationTest" time="2.592"/>
  <testcase name="getMessageAndPosition2" classname="com.meli.msfuegoquasar.application.MessageIntersectionApplicationTest" time="0.181"/>
</testsuite>